[12:42:18] [ServerMain/INFO]: Environment: authHost='https://authserver.mojang.com', accountsHost='https://api.mojang.com', sessionHost='https://sessionserver.mojang.com', servicesHost='https://api.minecraftservices.com', name='PROD'
[12:42:18] [ServerMain/INFO]: Found new data pack file/bukkit, loading it automatically
[12:42:20] [ServerMain/INFO]: Loaded 7 recipes
[12:42:22] [Server thread/INFO]: Starting minecraft server version 1.20.1
[12:42:22] [Server thread/INFO]: Loading properties
[12:42:23] [Server thread/INFO]: This server is running CraftBukkit version 3862-Spigot-d2eba2c-db4ba28 (MC: 1.20.1) (Implementing API version 1.20.1-R0.1-SNAPSHOT)
[12:42:23] [Server thread/INFO]: Debug logging is disabled
[12:42:23] [Server thread/INFO]: Server Ping Player Sample Count: 12
[12:42:23] [Server thread/INFO]: Using 4 threads for Netty based IO
[12:42:23] [Server thread/INFO]: Default game type: SURVIVAL
[12:42:23] [Server thread/INFO]: Generating keypair
[12:42:23] [Server thread/INFO]: Starting Minecraft server on *:25565
[12:42:23] [Server thread/INFO]: Using default channel type
[12:42:23] [Server thread/INFO]: Preparing level "world"
[12:42:23] [Server thread/INFO]: -------- World Settings For [world] --------
[12:42:23] [Server thread/INFO]: Nerfing mobs spawned from spawners: false
[12:42:23] [Server thread/INFO]: Zombie Aggressive Towards Villager: true
[12:42:23] [Server thread/INFO]: Arrow Despawn Rate: 1200 Trident Respawn Rate:1200
[12:42:23] [Server thread/INFO]: Allow Zombie Pigmen to spawn from portal blocks: true
[12:42:23] [Server thread/INFO]: Experience Merge Radius: 3.0
[12:42:23] [Server thread/INFO]: Mob Spawn Range: 6
[12:42:23] [Server thread/INFO]: Cactus Growth Modifier: 100%
[12:42:23] [Server thread/INFO]: Cane Growth Modifier: 100%
[12:42:23] [Server thread/INFO]: Melon Growth Modifier: 100%
[12:42:23] [Server thread/INFO]: Mushroom Growth Modifier: 100%
[12:42:23] [Server thread/INFO]: Pumpkin Growth Modifier: 100%
[12:42:23] [Server thread/INFO]: Sapling Growth Modifier: 100%
[12:42:23] [Server thread/INFO]: Beetroot Growth Modifier: 100%
[12:42:23] [Server thread/INFO]: Carrot Growth Modifier: 100%
[12:42:23] [Server thread/INFO]: Potato Growth Modifier: 100%
[12:42:23] [Server thread/INFO]: Wheat Growth Modifier: 100%
[12:42:23] [Server thread/INFO]: NetherWart Growth Modifier: 100%
[12:42:23] [Server thread/INFO]: Vine Growth Modifier: 100%
[12:42:23] [Server thread/INFO]: Cocoa Growth Modifier: 100%
[12:42:23] [Server thread/INFO]: Bamboo Growth Modifier: 100%
[12:42:23] [Server thread/INFO]: SweetBerry Growth Modifier: 100%
[12:42:23] [Server thread/INFO]: Kelp Growth Modifier: 100%
[12:42:23] [Server thread/INFO]: TwistingVines Growth Modifier: 100%
[12:42:23] [Server thread/INFO]: WeepingVines Growth Modifier: 100%
[12:42:23] [Server thread/INFO]: CaveVines Growth Modifier: 100%
[12:42:23] [Server thread/INFO]: Entity Activation Range: An 32 / Mo 32 / Ra 48 / Mi 16 / Tiv true / Isa false
[12:42:23] [Server thread/INFO]: Entity Tracking Range: Pl 48 / An 48 / Mo 48 / Mi 32 / Di 128 / Other 64
[12:42:23] [Server thread/INFO]: Hopper Transfer: 8 Hopper Check: 1 Hopper Amount: 1 Hopper Can Load Chunks: false
[12:42:23] [Server thread/INFO]: Custom Map Seeds:  Village: 10387312 Desert: 14357617 Igloo: 14357618 Jungle: 14357619 Swamp: 14357620 Monument: 10387313 Ocean: 14357621 Shipwreck: 165745295 End City: 10387313 Slime: 987234911 Nether: 30084232 Mansion: 10387319 Fossil: 14357921 Portal: 34222645
[12:42:23] [Server thread/INFO]: Tile Max Tick Time: 50ms Entity max Tick Time: 50ms
[12:42:23] [Server thread/INFO]: Max TNT Explosions: 100
[12:42:23] [Server thread/INFO]: Item Despawn Rate: 6000
[12:42:23] [Server thread/INFO]: Item Merge Radius: 2.5
[12:42:23] [Server thread/INFO]: View Distance: 10
[12:42:23] [Server thread/INFO]: Simulation Distance: 10
[12:42:32] [Server thread/INFO]: -------- World Settings For [world_nether] --------
[12:42:32] [Server thread/INFO]: Nerfing mobs spawned from spawners: false
[12:42:32] [Server thread/INFO]: Zombie Aggressive Towards Villager: true
[12:42:32] [Server thread/INFO]: Arrow Despawn Rate: 1200 Trident Respawn Rate:1200
[12:42:32] [Server thread/INFO]: Allow Zombie Pigmen to spawn from portal blocks: true
[12:42:32] [Server thread/INFO]: Experience Merge Radius: 3.0
[12:42:32] [Server thread/INFO]: Mob Spawn Range: 6
[12:42:32] [Server thread/INFO]: Cactus Growth Modifier: 100%
[12:42:32] [Server thread/INFO]: Cane Growth Modifier: 100%
[12:42:32] [Server thread/INFO]: Melon Growth Modifier: 100%
[12:42:32] [Server thread/INFO]: Mushroom Growth Modifier: 100%
[12:42:32] [Server thread/INFO]: Pumpkin Growth Modifier: 100%
[12:42:32] [Server thread/INFO]: Sapling Growth Modifier: 100%
[12:42:32] [Server thread/INFO]: Beetroot Growth Modifier: 100%
[12:42:32] [Server thread/INFO]: Carrot Growth Modifier: 100%
[12:42:32] [Server thread/INFO]: Potato Growth Modifier: 100%
[12:42:32] [Server thread/INFO]: Wheat Growth Modifier: 100%
[12:42:32] [Server thread/INFO]: NetherWart Growth Modifier: 100%
[12:42:32] [Server thread/INFO]: Vine Growth Modifier: 100%
[12:42:32] [Server thread/INFO]: Cocoa Growth Modifier: 100%
[12:42:32] [Server thread/INFO]: Bamboo Growth Modifier: 100%
[12:42:32] [Server thread/INFO]: SweetBerry Growth Modifier: 100%
[12:42:32] [Server thread/INFO]: Kelp Growth Modifier: 100%
[12:42:32] [Server thread/INFO]: TwistingVines Growth Modifier: 100%
[12:42:32] [Server thread/INFO]: WeepingVines Growth Modifier: 100%
[12:42:32] [Server thread/INFO]: CaveVines Growth Modifier: 100%
[12:42:32] [Server thread/INFO]: Entity Activation Range: An 32 / Mo 32 / Ra 48 / Mi 16 / Tiv true / Isa false
[12:42:32] [Server thread/INFO]: Entity Tracking Range: Pl 48 / An 48 / Mo 48 / Mi 32 / Di 128 / Other 64
[12:42:32] [Server thread/INFO]: Hopper Transfer: 8 Hopper Check: 1 Hopper Amount: 1 Hopper Can Load Chunks: false
[12:42:32] [Server thread/INFO]: Custom Map Seeds:  Village: 10387312 Desert: 14357617 Igloo: 14357618 Jungle: 14357619 Swamp: 14357620 Monument: 10387313 Ocean: 14357621 Shipwreck: 165745295 End City: 10387313 Slime: 987234911 Nether: 30084232 Mansion: 10387319 Fossil: 14357921 Portal: 34222645
[12:42:32] [Server thread/INFO]: Tile Max Tick Time: 50ms Entity max Tick Time: 50ms
[12:42:32] [Server thread/INFO]: Max TNT Explosions: 100
[12:42:32] [Server thread/INFO]: Item Despawn Rate: 6000
[12:42:32] [Server thread/INFO]: Item Merge Radius: 2.5
[12:42:32] [Server thread/INFO]: View Distance: 10
[12:42:32] [Server thread/INFO]: Simulation Distance: 10
[12:42:39] [Server thread/INFO]: -------- World Settings For [world_the_end] --------
[12:42:39] [Server thread/INFO]: Nerfing mobs spawned from spawners: false
[12:42:39] [Server thread/INFO]: Zombie Aggressive Towards Villager: true
[12:42:39] [Server thread/INFO]: Arrow Despawn Rate: 1200 Trident Respawn Rate:1200
[12:42:39] [Server thread/INFO]: Allow Zombie Pigmen to spawn from portal blocks: true
[12:42:39] [Server thread/INFO]: Experience Merge Radius: 3.0
[12:42:39] [Server thread/INFO]: Mob Spawn Range: 6
[12:42:39] [Server thread/INFO]: Cactus Growth Modifier: 100%
[12:42:39] [Server thread/INFO]: Cane Growth Modifier: 100%
[12:42:39] [Server thread/INFO]: Melon Growth Modifier: 100%
[12:42:39] [Server thread/INFO]: Mushroom Growth Modifier: 100%
[12:42:39] [Server thread/INFO]: Pumpkin Growth Modifier: 100%
[12:42:39] [Server thread/INFO]: Sapling Growth Modifier: 100%
[12:42:39] [Server thread/INFO]: Beetroot Growth Modifier: 100%
[12:42:39] [Server thread/INFO]: Carrot Growth Modifier: 100%
[12:42:39] [Server thread/INFO]: Potato Growth Modifier: 100%
[12:42:39] [Server thread/INFO]: Wheat Growth Modifier: 100%
[12:42:39] [Server thread/INFO]: NetherWart Growth Modifier: 100%
[12:42:39] [Server thread/INFO]: Vine Growth Modifier: 100%
[12:42:39] [Server thread/INFO]: Cocoa Growth Modifier: 100%
[12:42:39] [Server thread/INFO]: Bamboo Growth Modifier: 100%
[12:42:39] [Server thread/INFO]: SweetBerry Growth Modifier: 100%
[12:42:39] [Server thread/INFO]: Kelp Growth Modifier: 100%
[12:42:39] [Server thread/INFO]: TwistingVines Growth Modifier: 100%
[12:42:39] [Server thread/INFO]: WeepingVines Growth Modifier: 100%
[12:42:39] [Server thread/INFO]: CaveVines Growth Modifier: 100%
[12:42:39] [Server thread/INFO]: Entity Activation Range: An 32 / Mo 32 / Ra 48 / Mi 16 / Tiv true / Isa false
[12:42:39] [Server thread/INFO]: Entity Tracking Range: Pl 48 / An 48 / Mo 48 / Mi 32 / Di 128 / Other 64
[12:42:39] [Server thread/INFO]: Hopper Transfer: 8 Hopper Check: 1 Hopper Amount: 1 Hopper Can Load Chunks: false
[12:42:39] [Server thread/INFO]: Custom Map Seeds:  Village: 10387312 Desert: 14357617 Igloo: 14357618 Jungle: 14357619 Swamp: 14357620 Monument: 10387313 Ocean: 14357621 Shipwreck: 165745295 End City: 10387313 Slime: 987234911 Nether: 30084232 Mansion: 10387319 Fossil: 14357921 Portal: 34222645
[12:42:39] [Server thread/INFO]: Tile Max Tick Time: 50ms Entity max Tick Time: 50ms
[12:42:39] [Server thread/INFO]: Max TNT Explosions: 100
[12:42:39] [Server thread/INFO]: Item Despawn Rate: 6000
[12:42:39] [Server thread/INFO]: Item Merge Radius: 2.5
[12:42:39] [Server thread/INFO]: View Distance: 10
[12:42:39] [Server thread/INFO]: Simulation Distance: 10
[12:42:43] [Server thread/INFO]: Preparing start region for dimension minecraft:overworld
[12:42:45] [Worker-Main-5/INFO]: Preparing spawn area: 0%
[12:42:45] [Worker-Main-1/INFO]: Preparing spawn area: 0%
[12:42:45] [Worker-Main-1/INFO]: Preparing spawn area: 0%
[12:42:45] [Worker-Main-1/INFO]: Preparing spawn area: 0%
[12:42:45] [Worker-Main-6/INFO]: Preparing spawn area: 0%
[12:42:46] [Worker-Main-1/INFO]: Preparing spawn area: 0%
[12:42:46] [Worker-Main-4/INFO]: Preparing spawn area: 1%
[12:42:47] [Worker-Main-2/INFO]: Preparing spawn area: 2%
[12:42:47] [Worker-Main-7/INFO]: Preparing spawn area: 3%
[12:42:48] [Worker-Main-3/INFO]: Preparing spawn area: 4%
[12:42:48] [Worker-Main-2/INFO]: Preparing spawn area: 5%
[12:42:49] [Worker-Main-1/INFO]: Preparing spawn area: 6%
[12:42:49] [Worker-Main-5/INFO]: Preparing spawn area: 9%
[12:42:50] [Worker-Main-7/INFO]: Preparing spawn area: 10%
[12:42:50] [Worker-Main-6/INFO]: Preparing spawn area: 13%
[12:42:51] [Worker-Main-4/INFO]: Preparing spawn area: 15%
[12:42:51] [Worker-Main-2/INFO]: Preparing spawn area: 17%
[12:42:52] [Worker-Main-3/INFO]: Preparing spawn area: 19%
[12:42:52] [Worker-Main-1/INFO]: Preparing spawn area: 22%
[12:42:53] [Worker-Main-7/INFO]: Preparing spawn area: 24%
[12:42:53] [Worker-Main-1/INFO]: Preparing spawn area: 27%
[12:42:54] [Worker-Main-6/INFO]: Preparing spawn area: 31%
[12:42:54] [Worker-Main-7/INFO]: Preparing spawn area: 33%
[12:42:55] [Worker-Main-7/INFO]: Preparing spawn area: 36%
[12:42:55] [Worker-Main-4/INFO]: Preparing spawn area: 41%
[12:42:56] [Worker-Main-6/INFO]: Preparing spawn area: 43%
[12:42:56] [Worker-Main-4/INFO]: Preparing spawn area: 45%
[12:42:57] [Worker-Main-4/INFO]: Preparing spawn area: 48%
[12:42:57] [Worker-Main-2/INFO]: Preparing spawn area: 52%
[12:42:58] [Worker-Main-1/INFO]: Preparing spawn area: 55%
[12:42:58] [Worker-Main-2/INFO]: Preparing spawn area: 58%
[12:42:59] [Worker-Main-3/INFO]: Preparing spawn area: 62%
[12:42:59] [Worker-Main-4/INFO]: Preparing spawn area: 66%
[12:43:00] [Worker-Main-3/INFO]: Preparing spawn area: 69%
[12:43:00] [Worker-Main-7/INFO]: Preparing spawn area: 71%
[12:43:01] [Worker-Main-1/INFO]: Preparing spawn area: 74%
[12:43:01] [Worker-Main-4/INFO]: Preparing spawn area: 77%
[12:43:02] [Worker-Main-7/INFO]: Preparing spawn area: 81%
[12:43:02] [Worker-Main-5/INFO]: Preparing spawn area: 84%
[12:43:03] [Worker-Main-7/INFO]: Preparing spawn area: 86%
[12:43:03] [Worker-Main-5/INFO]: Preparing spawn area: 88%
[12:43:04] [Worker-Main-6/INFO]: Preparing spawn area: 93%
[12:43:04] [Worker-Main-1/INFO]: Preparing spawn area: 96%
[12:43:04] [Server thread/INFO]: Time elapsed: 21313 ms
[12:43:04] [Server thread/INFO]: Preparing start region for dimension minecraft:the_nether
[12:43:05] [Worker-Main-4/INFO]: Preparing spawn area: 0%
[12:43:05] [Worker-Main-6/INFO]: Preparing spawn area: 0%
[12:43:05] [Worker-Main-5/INFO]: Preparing spawn area: 0%
[12:43:06] [Worker-Main-1/INFO]: Preparing spawn area: 2%
[12:43:06] [Worker-Main-6/INFO]: Preparing spawn area: 3%
[12:43:07] [Worker-Main-3/INFO]: Preparing spawn area: 5%
[12:43:07] [Worker-Main-3/INFO]: Preparing spawn area: 9%
[12:43:08] [Worker-Main-6/INFO]: Preparing spawn area: 10%
[12:43:08] [Worker-Main-5/INFO]: Preparing spawn area: 15%
[12:43:09] [Worker-Main-5/INFO]: Preparing spawn area: 17%
[12:43:09] [Worker-Main-6/INFO]: Preparing spawn area: 20%
[12:43:10] [Worker-Main-6/INFO]: Preparing spawn area: 23%
[12:43:10] [Worker-Main-6/INFO]: Preparing spawn area: 27%
[12:43:11] [Worker-Main-1/INFO]: Preparing spawn area: 31%
[12:43:11] [Worker-Main-4/INFO]: Preparing spawn area: 34%
[12:43:12] [Worker-Main-4/INFO]: Preparing spawn area: 38%
[12:43:12] [Worker-Main-4/INFO]: Preparing spawn area: 42%
[12:43:13] [Worker-Main-2/INFO]: Preparing spawn area: 46%
[12:43:13] [Worker-Main-1/INFO]: Preparing spawn area: 50%
[12:43:14] [Worker-Main-6/INFO]: Preparing spawn area: 55%
[12:43:14] [Worker-Main-5/INFO]: Preparing spawn area: 59%
[12:43:15] [Worker-Main-2/INFO]: Preparing spawn area: 62%
[12:43:15] [Worker-Main-4/INFO]: Preparing spawn area: 67%
[12:43:16] [Worker-Main-3/INFO]: Preparing spawn area: 72%
[12:43:16] [Worker-Main-3/INFO]: Preparing spawn area: 75%
[12:43:17] [Worker-Main-1/INFO]: Preparing spawn area: 81%
[12:43:17] [Worker-Main-4/INFO]: Preparing spawn area: 84%
[12:43:18] [Worker-Main-4/INFO]: Preparing spawn area: 89%
[12:43:18] [Worker-Main-6/INFO]: Preparing spawn area: 94%
[12:43:19] [Worker-Main-6/INFO]: Preparing spawn area: 97%
[12:43:19] [Server thread/INFO]: Time elapsed: 14705 ms
[12:43:19] [Server thread/INFO]: Preparing start region for dimension minecraft:the_end
[12:43:20] [Worker-Main-2/INFO]: Preparing spawn area: 0%
[12:43:20] [Worker-Main-3/INFO]: Preparing spawn area: 0%
[12:43:20] [Worker-Main-2/INFO]: Preparing spawn area: 0%
[12:43:21] [Worker-Main-4/INFO]: Preparing spawn area: 9%
[12:43:21] [Worker-Main-7/INFO]: Preparing spawn area: 37%
[12:43:22] [Worker-Main-5/INFO]: Preparing spawn area: 83%
[12:43:22] [Server thread/INFO]: Time elapsed: 2748 ms
[12:43:22] [Server thread/INFO]: Done (58.707s)! For help, type "help"
[12:43:52] [Server thread/INFO]: CONSOLE: Please note that this command is not supported and may cause issues when using some plugins.
[12:43:52] [Server thread/INFO]: CONSOLE: If you encounter any issues please use the /stop command to restart your server.
[12:43:52] [Server thread/INFO]: Debug logging is disabled
[12:43:52] [Server thread/INFO]: Server Ping Player Sample Count: 12
[12:43:52] [Server thread/INFO]: Using 4 threads for Netty based IO
[12:43:52] [Server thread/INFO]: -------- World Settings For [world] --------
[12:43:52] [Server thread/INFO]: Nerfing mobs spawned from spawners: false
[12:43:52] [Server thread/INFO]: Zombie Aggressive Towards Villager: true
[12:43:52] [Server thread/INFO]: Arrow Despawn Rate: 1200 Trident Respawn Rate:1200
[12:43:52] [Server thread/INFO]: Allow Zombie Pigmen to spawn from portal blocks: true
[12:43:52] [Server thread/INFO]: Experience Merge Radius: 3.0
[12:43:52] [Server thread/INFO]: Mob Spawn Range: 6
[12:43:52] [Server thread/INFO]: Cactus Growth Modifier: 100%
[12:43:52] [Server thread/INFO]: Cane Growth Modifier: 100%
[12:43:52] [Server thread/INFO]: Melon Growth Modifier: 100%
[12:43:52] [Server thread/INFO]: Mushroom Growth Modifier: 100%
[12:43:52] [Server thread/INFO]: Pumpkin Growth Modifier: 100%
[12:43:52] [Server thread/INFO]: Sapling Growth Modifier: 100%
[12:43:52] [Server thread/INFO]: Beetroot Growth Modifier: 100%
[12:43:52] [Server thread/INFO]: Carrot Growth Modifier: 100%
[12:43:52] [Server thread/INFO]: Potato Growth Modifier: 100%
[12:43:52] [Server thread/INFO]: Wheat Growth Modifier: 100%
[12:43:52] [Server thread/INFO]: NetherWart Growth Modifier: 100%
[12:43:52] [Server thread/INFO]: Vine Growth Modifier: 100%
[12:43:52] [Server thread/INFO]: Cocoa Growth Modifier: 100%
[12:43:52] [Server thread/INFO]: Bamboo Growth Modifier: 100%
[12:43:52] [Server thread/INFO]: SweetBerry Growth Modifier: 100%
[12:43:52] [Server thread/INFO]: Kelp Growth Modifier: 100%
[12:43:52] [Server thread/INFO]: TwistingVines Growth Modifier: 100%
[12:43:52] [Server thread/INFO]: WeepingVines Growth Modifier: 100%
[12:43:52] [Server thread/INFO]: CaveVines Growth Modifier: 100%
[12:43:52] [Server thread/INFO]: Entity Activation Range: An 32 / Mo 32 / Ra 48 / Mi 16 / Tiv true / Isa false
[12:43:52] [Server thread/INFO]: Entity Tracking Range: Pl 48 / An 48 / Mo 48 / Mi 32 / Di 128 / Other 64
[12:43:52] [Server thread/INFO]: Hopper Transfer: 8 Hopper Check: 1 Hopper Amount: 1 Hopper Can Load Chunks: false
[12:43:52] [Server thread/INFO]: Custom Map Seeds:  Village: 10387312 Desert: 14357617 Igloo: 14357618 Jungle: 14357619 Swamp: 14357620 Monument: 10387313 Ocean: 14357621 Shipwreck: 165745295 End City: 10387313 Slime: 987234911 Nether: 30084232 Mansion: 10387319 Fossil: 14357921 Portal: 34222645
[12:43:52] [Server thread/INFO]: Tile Max Tick Time: 50ms Entity max Tick Time: 50ms
[12:43:52] [Server thread/INFO]: Max TNT Explosions: 100
[12:43:52] [Server thread/INFO]: Item Despawn Rate: 6000
[12:43:52] [Server thread/INFO]: Item Merge Radius: 2.5
[12:43:52] [Server thread/INFO]: View Distance: 10
[12:43:52] [Server thread/INFO]: Simulation Distance: 10
[12:43:52] [Server thread/INFO]: -------- World Settings For [world_nether] --------
[12:43:52] [Server thread/INFO]: Nerfing mobs spawned from spawners: false
[12:43:52] [Server thread/INFO]: Zombie Aggressive Towards Villager: true
[12:43:52] [Server thread/INFO]: Arrow Despawn Rate: 1200 Trident Respawn Rate:1200
[12:43:52] [Server thread/INFO]: Allow Zombie Pigmen to spawn from portal blocks: true
[12:43:52] [Server thread/INFO]: Experience Merge Radius: 3.0
[12:43:52] [Server thread/INFO]: Mob Spawn Range: 6
[12:43:52] [Server thread/INFO]: Cactus Growth Modifier: 100%
[12:43:52] [Server thread/INFO]: Cane Growth Modifier: 100%
[12:43:52] [Server thread/INFO]: Melon Growth Modifier: 100%
[12:43:52] [Server thread/INFO]: Mushroom Growth Modifier: 100%
[12:43:52] [Server thread/INFO]: Pumpkin Growth Modifier: 100%
[12:43:52] [Server thread/INFO]: Sapling Growth Modifier: 100%
[12:43:52] [Server thread/INFO]: Beetroot Growth Modifier: 100%
[12:43:52] [Server thread/INFO]: Carrot Growth Modifier: 100%
[12:43:52] [Server thread/INFO]: Potato Growth Modifier: 100%
[12:43:52] [Server thread/INFO]: Wheat Growth Modifier: 100%
[12:43:52] [Server thread/INFO]: NetherWart Growth Modifier: 100%
[12:43:52] [Server thread/INFO]: Vine Growth Modifier: 100%
[12:43:52] [Server thread/INFO]: Cocoa Growth Modifier: 100%
[12:43:52] [Server thread/INFO]: Bamboo Growth Modifier: 100%
[12:43:52] [Server thread/INFO]: SweetBerry Growth Modifier: 100%
[12:43:52] [Server thread/INFO]: Kelp Growth Modifier: 100%
[12:43:52] [Server thread/INFO]: TwistingVines Growth Modifier: 100%
[12:43:52] [Server thread/INFO]: WeepingVines Growth Modifier: 100%
[12:43:52] [Server thread/INFO]: CaveVines Growth Modifier: 100%
[12:43:52] [Server thread/INFO]: Entity Activation Range: An 32 / Mo 32 / Ra 48 / Mi 16 / Tiv true / Isa false
[12:43:52] [Server thread/INFO]: Entity Tracking Range: Pl 48 / An 48 / Mo 48 / Mi 32 / Di 128 / Other 64
[12:43:52] [Server thread/INFO]: Hopper Transfer: 8 Hopper Check: 1 Hopper Amount: 1 Hopper Can Load Chunks: false
[12:43:52] [Server thread/INFO]: Custom Map Seeds:  Village: 10387312 Desert: 14357617 Igloo: 14357618 Jungle: 14357619 Swamp: 14357620 Monument: 10387313 Ocean: 14357621 Shipwreck: 165745295 End City: 10387313 Slime: 987234911 Nether: 30084232 Mansion: 10387319 Fossil: 14357921 Portal: 34222645
[12:43:52] [Server thread/INFO]: Tile Max Tick Time: 50ms Entity max Tick Time: 50ms
[12:43:52] [Server thread/INFO]: Max TNT Explosions: 100
[12:43:52] [Server thread/INFO]: Item Despawn Rate: 6000
[12:43:52] [Server thread/INFO]: Item Merge Radius: 2.5
[12:43:52] [Server thread/INFO]: View Distance: 10
[12:43:52] [Server thread/INFO]: Simulation Distance: 10
[12:43:52] [Server thread/INFO]: -------- World Settings For [world_the_end] --------
[12:43:52] [Server thread/INFO]: Nerfing mobs spawned from spawners: false
[12:43:52] [Server thread/INFO]: Zombie Aggressive Towards Villager: true
[12:43:52] [Server thread/INFO]: Arrow Despawn Rate: 1200 Trident Respawn Rate:1200
[12:43:52] [Server thread/INFO]: Allow Zombie Pigmen to spawn from portal blocks: true
[12:43:52] [Server thread/INFO]: Experience Merge Radius: 3.0
[12:43:52] [Server thread/INFO]: Mob Spawn Range: 6
[12:43:52] [Server thread/INFO]: Cactus Growth Modifier: 100%
[12:43:52] [Server thread/INFO]: Cane Growth Modifier: 100%
[12:43:52] [Server thread/INFO]: Melon Growth Modifier: 100%
[12:43:52] [Server thread/INFO]: Mushroom Growth Modifier: 100%
[12:43:52] [Server thread/INFO]: Pumpkin Growth Modifier: 100%
[12:43:52] [Server thread/INFO]: Sapling Growth Modifier: 100%
[12:43:52] [Server thread/INFO]: Beetroot Growth Modifier: 100%
[12:43:52] [Server thread/INFO]: Carrot Growth Modifier: 100%
[12:43:52] [Server thread/INFO]: Potato Growth Modifier: 100%
[12:43:52] [Server thread/INFO]: Wheat Growth Modifier: 100%
[12:43:52] [Server thread/INFO]: NetherWart Growth Modifier: 100%
[12:43:52] [Server thread/INFO]: Vine Growth Modifier: 100%
[12:43:52] [Server thread/INFO]: Cocoa Growth Modifier: 100%
[12:43:52] [Server thread/INFO]: Bamboo Growth Modifier: 100%
[12:43:52] [Server thread/INFO]: SweetBerry Growth Modifier: 100%
[12:43:52] [Server thread/INFO]: Kelp Growth Modifier: 100%
[12:43:52] [Server thread/INFO]: TwistingVines Growth Modifier: 100%
[12:43:52] [Server thread/INFO]: WeepingVines Growth Modifier: 100%
[12:43:52] [Server thread/INFO]: CaveVines Growth Modifier: 100%
[12:43:52] [Server thread/INFO]: Entity Activation Range: An 32 / Mo 32 / Ra 48 / Mi 16 / Tiv true / Isa false
[12:43:52] [Server thread/INFO]: Entity Tracking Range: Pl 48 / An 48 / Mo 48 / Mi 32 / Di 128 / Other 64
[12:43:52] [Server thread/INFO]: Hopper Transfer: 8 Hopper Check: 1 Hopper Amount: 1 Hopper Can Load Chunks: false
[12:43:52] [Server thread/INFO]: Custom Map Seeds:  Village: 10387312 Desert: 14357617 Igloo: 14357618 Jungle: 14357619 Swamp: 14357620 Monument: 10387313 Ocean: 14357621 Shipwreck: 165745295 End City: 10387313 Slime: 987234911 Nether: 30084232 Mansion: 10387319 Fossil: 14357921 Portal: 34222645
[12:43:52] [Server thread/INFO]: Tile Max Tick Time: 50ms Entity max Tick Time: 50ms
[12:43:52] [Server thread/INFO]: Max TNT Explosions: 100
[12:43:52] [Server thread/INFO]: Item Despawn Rate: 6000
[12:43:52] [Server thread/INFO]: Item Merge Radius: 2.5
[12:43:52] [Server thread/INFO]: View Distance: 10
[12:43:52] [Server thread/INFO]: Simulation Distance: 10
[12:43:52] [Server thread/INFO]: Loaded 7 recipes
[12:43:53] [Server thread/INFO]: [hChat] Loading hChat v1.0
[12:43:53] [Server thread/INFO]: [hChat] Enabling hChat v1.0
[12:43:53] [Server thread/INFO]: Server permissions file permissions.yml is empty, ignoring it
[12:43:53] [Server thread/INFO]: CONSOLE: Reload complete.
[12:44:15] [Server thread/INFO]: Unknown command. Type "/help" for help.
[12:44:31] [Server thread/INFO]: ===============================
[12:44:31] [Server thread/INFO]: &0 = Black(Black)
[12:44:31] [Server thread/INFO]:                  &1 = Dark Blue
[12:44:31] [Server thread/INFO]:                  &2 = Dark Green
[12:44:31] [Server thread/INFO]:                  &3 = Dark Aqua
[12:44:31] [Server thread/INFO]:                  &4 = Dark Red
[12:44:31] [Server thread/INFO]:                  &5 = Purple
[12:44:31] [Server thread/INFO]:                  &6 = Orange
[12:44:31] [Server thread/INFO]:                  &7 = Gray
[12:44:31] [Server thread/INFO]:                  &8 = Dark gray
[12:44:31] [Server thread/INFO]:                  &9 = Blue
[12:44:31] [Server thread/INFO]:                  &a = Green
[12:44:31] [Server thread/INFO]:                  &b = Aqua
[12:44:31] [Server thread/INFO]:                  &c = Red
[12:44:31] [Server thread/INFO]:                  &d = Pink
[12:44:31] [Server thread/INFO]:                  &e = Yellow
[12:44:31] [Server thread/INFO]:                  &f = White
[12:44:35] [Server thread/INFO]: Stopping server
[12:44:35] [Server thread/INFO]: [hChat] Disabling hChat v1.0
[12:44:35] [Server thread/INFO]: Saving players
[12:44:35] [Server thread/INFO]: Saving worlds
[12:44:38] [Server thread/INFO]: Saving chunks for level 'ServerLevel[world]'/minecraft:overworld
[12:44:39] [Server thread/INFO]: Saving chunks for level 'ServerLevel[world_nether]'/minecraft:the_nether
[12:44:39] [Server thread/INFO]: Saving chunks for level 'ServerLevel[world_the_end]'/minecraft:the_end
[12:44:39] [Server thread/INFO]: ThreadedAnvilChunkStorage (world): All chunks are saved
[12:44:39] [Server thread/INFO]: ThreadedAnvilChunkStorage (DIM-1): All chunks are saved
[12:44:39] [Server thread/INFO]: ThreadedAnvilChunkStorage (DIM1): All chunks are saved
[12:44:39] [Server thread/INFO]: ThreadedAnvilChunkStorage: All dimensions are saved
